WARN  [main] portico.lrc: MOM support is currently unsupported in IEEE-1516e federations.
WARN  [main] portico.lrc: MOM support is currently unsupported in IEEE-1516e federations.
WARN  [main] portico.lrc: MOM support is currently unsupported in IEEE-1516e federations.
WARN  [main] portico.lrc: MOM support is currently unsupported in IEEE-1516e federations.
WARN  [main] portico.lrc: MOM support is currently unsupported in IEEE-1516e federations.
ERROR [main] portico.lrc.jgroups: FAILURE createFederation: already exists, name=federation
ERROR [main] portico.lrc: org.portico.lrc.compat.JFederationExecutionAlreadyExists: federation exists: federation
ERROR [main] portico.lrc: FAILURE Regiser sync point [ReadyToRun] by [Sklep]: already registered
ERROR [main] portico.lrc: FAILURE Register sync point [ReadyToRun] by [Sklep]: label already registered
WARN  [main] portico.lrc: MOM support is currently unsupported in IEEE-1516e federations.
WARN  [main] portico.lrc: MOM support is currently unsupported in IEEE-1516e federations.
ERROR [main] portico.lrc.jgroups: FAILURE createFederation: already exists, name=federation
ERROR [main] portico.lrc: org.portico.lrc.compat.JFederationExecutionAlreadyExists: federation exists: federation
ERROR [main] portico.lrc: FAILURE Regiser sync point [ReadyToRun] by [Klient]: already registered
ERROR [main] portico.lrc: FAILURE Register sync point [ReadyToRun] by [Klient]: label already registered
WARN  [main] portico.lrc: MOM support is currently unsupported in IEEE-1516e federations.
WARN  [main] portico.lrc: MOM support is currently unsupported in IEEE-1516e federations.
ERROR [main] portico.lrc.jgroups: FAILURE createFederation: already exists, name=federation
ERROR [main] portico.lrc: org.portico.lrc.compat.JFederationExecutionAlreadyExists: federation exists: federation
ERROR [main] portico.lrc: FAILURE Regiser sync point [ReadyToRun] by [Klient]: already registered
ERROR [main] portico.lrc: FAILURE Register sync point [ReadyToRun] by [Klient]: label already registered
